[debug] [2021-04-30T13:52:06.583Z] ----------------------------------------------------------------------
[debug] [2021-04-30T13:52:06.584Z] Command:       C:\Program Files\nodejs\node.exe C:\Users\gina7\AppData\Roaming\npm\node_modules\firebase-tools\lib\bin\firebase.js emulators:start
[debug] [2021-04-30T13:52:06.585Z] CLI Version:   9.10.0
[debug] [2021-04-30T13:52:06.585Z] Platform:      win32
[debug] [2021-04-30T13:52:06.585Z] Node Version:  v12.18.3
[debug] [2021-04-30T13:52:06.586Z] Time:          Fri Apr 30 2021 14:52:06 GMT+0100 (Irish Standard Time)
[debug] [2021-04-30T13:52:06.586Z] ----------------------------------------------------------------------
[debug] 
[debug] [2021-04-30T13:52:06.594Z] > command requires scopes: ["email","openid","https://www.googleapis.com/auth/cloudplatformprojects.readonly","https://www.googleapis.com/auth/firebase","https://www.googleapis.com/auth/cloud-platform"]
[debug] [2021-04-30T13:52:06.594Z] > authorizing via signed-in user (gina7441@gmail.com)
[info] i  emulators: Starting emulators: auth, functions, firestore, database, hosting {"metadata":{"emulator":{"name":"hub"},"message":"Starting emulators: auth, functions, firestore, database, hosting"}}
[debug] [2021-04-30T13:52:08.643Z] [hub] writing locator at C:\Users\gina7\AppData\Local\Temp\hub-projectauth-466ef.json
[warn] !  functions: The following emulators are not running, calls to these services from the Functions emulator will affect production: pubsub {"metadata":{"emulator":{"name":"functions"},"message":"The following emulators are not running, calls to these services from the Functions emulator will affect production: \u001b[1mpubsub\u001b[22m"}}
[info] +  functions: Using node@12 from host. {"metadata":{"emulator":{"name":"functions"},"message":"Using node@12 from host."}}
[debug] [2021-04-30T13:52:10.718Z] defaultcredentials: writing to file C:\Users\gina7\AppData\Roaming\firebase\gina7441_gmail_com_application_default_credentials.json
[debug] [2021-04-30T13:52:10.721Z] Setting GAC to C:\Users\gina7\AppData\Roaming\firebase\gina7441_gmail_com_application_default_credentials.json {"metadata":{"emulator":{"name":"functions"},"message":"Setting GAC to C:\\Users\\gina7\\AppData\\Roaming\\firebase\\gina7441_gmail_com_application_default_credentials.json"}}
[debug] [2021-04-30T13:52:10.723Z] >>> [apiv2][query] GET https://firebase.googleapis.com/v1beta1/projects/projectauth-466ef/adminSdkConfig [none]
[debug] [2021-04-30T13:52:11.170Z] <<< [apiv2][status] GET https://firebase.googleapis.com/v1beta1/projects/projectauth-466ef/adminSdkConfig 200
[debug] [2021-04-30T13:52:11.170Z] <<< [apiv2][body] GET https://firebase.googleapis.com/v1beta1/projects/projectauth-466ef/adminSdkConfig {"projectId":"projectauth-466ef","databaseURL":"https://projectauth-466ef-default-rtdb.europe-west1.firebasedatabase.app","storageBucket":"projectauth-466ef.appspot.com","locationId":"europe-west"}
[debug] [2021-04-30T13:52:13.222Z] Ignoring unsupported arg: projectId {"metadata":{"emulator":{"name":"firestore"},"message":"Ignoring unsupported arg: projectId"}}
[debug] [2021-04-30T13:52:13.222Z] Ignoring unsupported arg: auto_download {"metadata":{"emulator":{"name":"firestore"},"message":"Ignoring unsupported arg: auto_download"}}
[debug] [2021-04-30T13:52:13.222Z] Starting Firestore Emulator with command {"binary":"java","args":["-Dgoogle.cloud_firestore.debug_log_level=FINE","-Duser.language=en","-jar","C:\\Users\\gina7\\.cache\\firebase\\emulators\\cloud-firestore-emulator-v1.11.14.jar","--host","localhost","--port",8082,"--rules","C:\\Users\\gina7\\Desktop\\FinalProject\\Final-Year-Project-Data-Visualization\\firestore.rules","--functions_emulator","localhost:5001"],"optionalArgs":["port","webchannel_port","host","rules","functions_emulator","seed_from_export"],"joinArgs":false} {"metadata":{"emulator":{"name":"firestore"},"message":"Starting Firestore Emulator with command {\"binary\":\"java\",\"args\":[\"-Dgoogle.cloud_firestore.debug_log_level=FINE\",\"-Duser.language=en\",\"-jar\",\"C:\\\\Users\\\\gina7\\\\.cache\\\\firebase\\\\emulators\\\\cloud-firestore-emulator-v1.11.14.jar\",\"--host\",\"localhost\",\"--port\",8082,\"--rules\",\"C:\\\\Users\\\\gina7\\\\Desktop\\\\FinalProject\\\\Final-Year-Project-Data-Visualization\\\\firestore.rules\",\"--functions_emulator\",\"localhost:5001\"],\"optionalArgs\":[\"port\",\"webchannel_port\",\"host\",\"rules\",\"functions_emulator\",\"seed_from_export\"],\"joinArgs\":false}"}}
[info] i  firestore: Firestore Emulator logging to firestore-debug.log {"metadata":{"emulator":{"name":"firestore"},"message":"Firestore Emulator logging to \u001b[1mfirestore-debug.log\u001b[22m"}}
[debug] [2021-04-30T13:52:14.195Z] Apr 30, 2021 2:52:14 PM com.google.cloud.datastore.emulator.firestore.websocket.WebSocketServer start
INFO: Started WebSocket server on ws://localhost:50288
 {"metadata":{"emulator":{"name":"firestore"},"message":"Apr 30, 2021 2:52:14 PM com.google.cloud.datastore.emulator.firestore.websocket.WebSocketServer start\r\nINFO: Started WebSocket server on ws://localhost:50288\r\n"}}
[debug] [2021-04-30T13:52:14.225Z] API endpoint: http://localhost:8082
 {"metadata":{"emulator":{"name":"firestore"},"message":"API endpoint: http://localhost:8082\n"}}
[debug] [2021-04-30T13:52:14.225Z] If you are using a library that supports the FIRESTORE_EMULATOR_HOST environment variable, run:

   export FIRESTORE_EMULATOR_HOST=localhost:8082

Dev App Server is now running.

 {"metadata":{"emulator":{"name":"firestore"},"message":"If you are using a library that supports the FIRESTORE_EMULATOR_HOST environment variable, run:\r\n\n   export FIRESTORE_EMULATOR_HOST=localhost:8082\n\nDev App Server is now running.\n\r\n"}}
[debug] [2021-04-30T13:52:16.285Z] >>> [apiv2][query] GET https://firebase.googleapis.com/v1beta1/projects/projectauth-466ef [none]
[debug] [2021-04-30T13:52:16.626Z] <<< [apiv2][status] GET https://firebase.googleapis.com/v1beta1/projects/projectauth-466ef 200
[debug] [2021-04-30T13:52:16.626Z] <<< [apiv2][body] GET https://firebase.googleapis.com/v1beta1/projects/projectauth-466ef {"projectId":"projectauth-466ef","projectNumber":"166852997284","displayName":"ProjectAuth","name":"projects/projectauth-466ef","resources":{"hostingSite":"projectauth-466ef","realtimeDatabaseInstance":"projectauth-466ef-default-rtdb","storageBucket":"projectauth-466ef.appspot.com","locationId":"europe-west"},"state":"ACTIVE"}
[debug] [2021-04-30T13:52:16.627Z] database rules config:  [{"instance":"projectauth-466ef-default-rtdb","rules":"C:\\Users\\gina7\\Desktop\\FinalProject\\Final-Year-Project-Data-Visualization\\database.rules.json"}]
[debug] [2021-04-30T13:52:16.629Z] Ignoring unsupported arg: projectId {"metadata":{"emulator":{"name":"database"},"message":"Ignoring unsupported arg: projectId"}}
[debug] [2021-04-30T13:52:16.629Z] Ignoring unsupported arg: auto_download {"metadata":{"emulator":{"name":"database"},"message":"Ignoring unsupported arg: auto_download"}}
[debug] [2021-04-30T13:52:16.629Z] Ignoring unsupported arg: rules {"metadata":{"emulator":{"name":"database"},"message":"Ignoring unsupported arg: rules"}}
[debug] [2021-04-30T13:52:16.629Z] Starting Database Emulator with command {"binary":"java","args":["-Duser.language=en","-jar","C:\\Users\\gina7\\.cache\\firebase\\emulators\\firebase-database-emulator-v4.7.2.jar","--host","localhost","--port",9000,"--functions_emulator_host","localhost","--functions_emulator_port",5001],"optionalArgs":["port","host","functions_emulator_port","functions_emulator_host"],"joinArgs":false} {"metadata":{"emulator":{"name":"database"},"message":"Starting Database Emulator with command {\"binary\":\"java\",\"args\":[\"-Duser.language=en\",\"-jar\",\"C:\\\\Users\\\\gina7\\\\.cache\\\\firebase\\\\emulators\\\\firebase-database-emulator-v4.7.2.jar\",\"--host\",\"localhost\",\"--port\",9000,\"--functions_emulator_host\",\"localhost\",\"--functions_emulator_port\",5001],\"optionalArgs\":[\"port\",\"host\",\"functions_emulator_port\",\"functions_emulator_host\"],\"joinArgs\":false}"}}
[info] i  database: Database Emulator logging to database-debug.log {"metadata":{"emulator":{"name":"database"},"message":"Database Emulator logging to \u001b[1mdatabase-debug.log\u001b[22m"}}
[debug] [2021-04-30T13:52:17.165Z] WARNING: An illegal reflective access operation has occurred
WARNING: Illegal reflective access by io.netty.util.internal.ReflectionUtil (file:/C:/Users/gina7/.cache/firebase/emulators/firebase-database-emulator-v4.7.2.jar) to field sun.nio.ch.SelectorImpl.selectedKeys
WARNING: Please consider reporting this to the maintainers of io.netty.util.internal.ReflectionUtil
WARNING: Use --illegal-access=warn to enable warnings of further illegal reflective access operations
WARNING: All illegal access operations will be denied in a future release
 {"metadata":{"emulator":{"name":"database"},"message":"WARNING: An illegal reflective access operation has occurred\r\nWARNING: Illegal reflective access by io.netty.util.internal.ReflectionUtil (file:/C:/Users/gina7/.cache/firebase/emulators/firebase-database-emulator-v4.7.2.jar) to field sun.nio.ch.SelectorImpl.selectedKeys\r\nWARNING: Please consider reporting this to the maintainers of io.netty.util.internal.ReflectionUtil\r\nWARNING: Use --illegal-access=warn to enable warnings of further illegal reflective access operations\r\nWARNING: All illegal access operations will be denied in a future release\r\n"}}
[debug] [2021-04-30T13:52:17.708Z] 14:52:17.708 [NamespaceSystem-akka.actor.default-dispatcher-4] INFO akka.event.slf4j.Slf4jLogger - Slf4jLogger started
 {"metadata":{"emulator":{"name":"database"},"message":"14:52:17.708 [NamespaceSystem-akka.actor.default-dispatcher-4] INFO akka.event.slf4j.Slf4jLogger - Slf4jLogger started\r\n"}}
[debug] [2021-04-30T13:52:17.830Z] 14:52:17.830 [main] INFO com.firebase.server.forge.App$ - Listening at localhost:9000
 {"metadata":{"emulator":{"name":"database"},"message":"14:52:17.830 [main] INFO com.firebase.server.forge.App$ - Listening at localhost:9000\r\n"}}
[debug] [2021-04-30T13:52:24.258Z] >>> [apiv2][query] GET https://firebase.googleapis.com/v1beta1/projects/projectauth-466ef/webApps/-/config [none]
[debug] [2021-04-30T13:52:25.368Z] <<< [apiv2][status] GET https://firebase.googleapis.com/v1beta1/projects/projectauth-466ef/webApps/-/config 200
[debug] [2021-04-30T13:52:25.368Z] <<< [apiv2][body] GET https://firebase.googleapis.com/v1beta1/projects/projectauth-466ef/webApps/-/config {"projectId":"projectauth-466ef","appId":"1:166852997284:web:191f1f1d8b58e5bf92f631","databaseURL":"https://projectauth-466ef-default-rtdb.europe-west1.firebasedatabase.app","storageBucket":"projectauth-466ef.appspot.com","locationId":"europe-west","apiKey":"AIzaSyC4k9Gx8zcOtkU-xJxfo0QvK0vn3kl3nLw","authDomain":"projectauth-466ef.firebaseapp.com","messagingSenderId":"166852997284","measurementId":"G-1WLC1VNYVK"}
[info] i  hosting: Serving hosting files from: public {"metadata":{"emulator":{"name":"hosting"},"message":"Serving hosting files from: \u001b[1mpublic\u001b[22m"}}
[info] +  hosting: Local server: http://localhost:5000 {"metadata":{"emulator":{"name":"hosting"},"message":"Local server: \u001b[4m\u001b[1mhttp://localhost:5000\u001b[22m\u001b[24m"}}
[debug] [2021-04-30T13:52:29.475Z] Ignoring unsupported arg: auto_download {"metadata":{"emulator":{"name":"ui"},"message":"Ignoring unsupported arg: auto_download"}}
[debug] [2021-04-30T13:52:29.475Z] Ignoring unsupported arg: port {"metadata":{"emulator":{"name":"ui"},"message":"Ignoring unsupported arg: port"}}
[debug] [2021-04-30T13:52:29.475Z] Starting Emulator UI with command {"binary":"node","args":["C:\\Users\\gina7\\.cache\\firebase\\emulators\\ui-v1.4.2\\server.bundle.js"],"optionalArgs":[],"joinArgs":false} {"metadata":{"emulator":{"name":"ui"},"message":"Starting Emulator UI with command {\"binary\":\"node\",\"args\":[\"C:\\\\Users\\\\gina7\\\\.cache\\\\firebase\\\\emulators\\\\ui-v1.4.2\\\\server.bundle.js\"],\"optionalArgs\":[],\"joinArgs\":false}"}}
[info] i  ui: Emulator UI logging to ui-debug.log {"metadata":{"emulator":{"name":"ui"},"message":"Emulator UI logging to \u001b[1mui-debug.log\u001b[22m"}}
[debug] [2021-04-30T13:52:29.594Z] Web / API server started at http://localhost:4000
 {"metadata":{"emulator":{"name":"ui"},"message":"Web / API server started at http://localhost:4000\n"}}
[info] i  functions: Watching "C:\Users\gina7\Desktop\FinalProject\Final-Year-Project-Data-Visualization\functions" for Cloud Functions... {"metadata":{"emulator":{"name":"functions"},"message":"Watching \"C:\\Users\\gina7\\Desktop\\FinalProject\\Final-Year-Project-Data-Visualization\\functions\" for Cloud Functions..."}}
[debug] [2021-04-30T13:52:30.016Z] [worker-pool] addWorker(~diagnostic~) {"metadata":{"emulator":{"name":"functions"},"message":"[worker-pool] addWorker(~diagnostic~)"}}
[debug] [2021-04-30T13:52:30.016Z] [worker-pool] Adding worker with key ~diagnostic~, total=1 {"metadata":{"emulator":{"name":"functions"},"message":"[worker-pool] Adding worker with key ~diagnostic~, total=1"}}
[debug] [2021-04-30T13:52:30.016Z] [worker-pool] submitWork(triggerId=) {"metadata":{"emulator":{"name":"functions"},"message":"[worker-pool] submitWork(triggerId=)"}}
[debug] [2021-04-30T13:52:30.016Z] [worker-~diagnostic~-0ce6c04c-fa8b-435f-b24a-a8084634b66d]: Assigning socketPath: \\?\pipe\C:\Users\gina7\Desktop\FinalProject\Final-Year-Project-Data-Visualization\functions\28612 {"metadata":{"emulator":{"name":"functions"},"message":"[worker-~diagnostic~-0ce6c04c-fa8b-435f-b24a-a8084634b66d]: Assigning socketPath: \\\\?\\pipe\\C:\\Users\\gina7\\Desktop\\FinalProject\\Final-Year-Project-Data-Visualization\\functions\\28612"}}
[debug] [2021-04-30T13:52:30.016Z] [worker-~diagnostic~-0ce6c04c-fa8b-435f-b24a-a8084634b66d]: BUSY {"metadata":{"emulator":{"name":"functions"},"message":"[worker-~diagnostic~-0ce6c04c-fa8b-435f-b24a-a8084634b66d]: BUSY"}}
[debug] [2021-04-30T13:52:30.259Z] [runtime-status] [28612] Functions runtime initialized. {"cwd":"C:\\Users\\gina7\\Desktop\\FinalProject\\Final-Year-Project-Data-Visualization\\functions","node_version":"12.18.3"} {"metadata":{"emulator":{"name":"functions"},"message":"[runtime-status] [28612] Functions runtime initialized. {\"cwd\":\"C:\\\\Users\\\\gina7\\\\Desktop\\\\FinalProject\\\\Final-Year-Project-Data-Visualization\\\\functions\",\"node_version\":\"12.18.3\"}"}}
[debug] [2021-04-30T13:52:30.260Z] [runtime-status] [28612] Disabled runtime features: undefined {"metadata":{"emulator":{"name":"functions"},"message":"[runtime-status] [28612] Disabled runtime features: undefined"}}
[debug] [2021-04-30T13:52:30.263Z] [runtime-status] [28612] Resolved module firebase-admin {"declared":true,"installed":true,"version":"9.7.0","resolution":"C:\\Users\\gina7\\Desktop\\FinalProject\\Final-Year-Project-Data-Visualization\\functions\\node_modules\\firebase-admin\\lib\\index.js"} {"metadata":{"emulator":{"name":"functions"},"message":"[runtime-status] [28612] Resolved module firebase-admin {\"declared\":true,\"installed\":true,\"version\":\"9.7.0\",\"resolution\":\"C:\\\\Users\\\\gina7\\\\Desktop\\\\FinalProject\\\\Final-Year-Project-Data-Visualization\\\\functions\\\\node_modules\\\\firebase-admin\\\\lib\\\\index.js\"}"}}
[debug] [2021-04-30T13:52:30.265Z] [runtime-status] [28612] Resolved module firebase-functions {"declared":true,"installed":true,"version":"3.13.2","resolution":"C:\\Users\\gina7\\Desktop\\FinalProject\\Final-Year-Project-Data-Visualization\\functions\\node_modules\\firebase-functions\\lib\\index.js"} {"metadata":{"emulator":{"name":"functions"},"message":"[runtime-status] [28612] Resolved module firebase-functions {\"declared\":true,\"installed\":true,\"version\":\"3.13.2\",\"resolution\":\"C:\\\\Users\\\\gina7\\\\Desktop\\\\FinalProject\\\\Final-Year-Project-Data-Visualization\\\\functions\\\\node_modules\\\\firebase-functions\\\\lib\\\\index.js\"}"}}
[debug] [2021-04-30T13:52:30.267Z] [runtime-status] [28612] Resolved module firebase-functions {"declared":true,"installed":true,"version":"3.13.2","resolution":"C:\\Users\\gina7\\Desktop\\FinalProject\\Final-Year-Project-Data-Visualization\\functions\\node_modules\\firebase-functions\\lib\\index.js"} {"metadata":{"emulator":{"name":"functions"},"message":"[runtime-status] [28612] Resolved module firebase-functions {\"declared\":true,\"installed\":true,\"version\":\"3.13.2\",\"resolution\":\"C:\\\\Users\\\\gina7\\\\Desktop\\\\FinalProject\\\\Final-Year-Project-Data-Visualization\\\\functions\\\\node_modules\\\\firebase-functions\\\\lib\\\\index.js\"}"}}
[debug] [2021-04-30T13:52:30.268Z] [runtime-status] [28612] Outgoing network have been stubbed. [{"name":"http","status":"mocked"},{"name":"http","status":"mocked"},{"name":"https","status":"mocked"},{"name":"https","status":"mocked"},{"name":"net","status":"mocked"}] {"metadata":{"emulator":{"name":"functions"},"message":"[runtime-status] [28612] Outgoing network have been stubbed. [{\"name\":\"http\",\"status\":\"mocked\"},{\"name\":\"http\",\"status\":\"mocked\"},{\"name\":\"https\",\"status\":\"mocked\"},{\"name\":\"https\",\"status\":\"mocked\"},{\"name\":\"net\",\"status\":\"mocked\"}]"}}
[debug] [2021-04-30T13:52:30.269Z] [runtime-status] [28612] Resolved module firebase-functions {"declared":true,"installed":true,"version":"3.13.2","resolution":"C:\\Users\\gina7\\Desktop\\FinalProject\\Final-Year-Project-Data-Visualization\\functions\\node_modules\\firebase-functions\\lib\\index.js"} {"metadata":{"emulator":{"name":"functions"},"message":"[runtime-status] [28612] Resolved module firebase-functions {\"declared\":true,\"installed\":true,\"version\":\"3.13.2\",\"resolution\":\"C:\\\\Users\\\\gina7\\\\Desktop\\\\FinalProject\\\\Final-Year-Project-Data-Visualization\\\\functions\\\\node_modules\\\\firebase-functions\\\\lib\\\\index.js\"}"}}
[debug] [2021-04-30T13:52:30.322Z] [runtime-status] [28612] Checked functions.config() {"config":{}} {"metadata":{"emulator":{"name":"functions"},"message":"[runtime-status] [28612] Checked functions.config() {\"config\":{}}"}}
[debug] [2021-04-30T13:52:30.322Z] [runtime-status] [28612] firebase-functions has been stubbed. {"functionsResolution":{"declared":true,"installed":true,"version":"3.13.2","resolution":"C:\\Users\\gina7\\Desktop\\FinalProject\\Final-Year-Project-Data-Visualization\\functions\\node_modules\\firebase-functions\\lib\\index.js"}} {"metadata":{"emulator":{"name":"functions"},"message":"[runtime-status] [28612] firebase-functions has been stubbed. {\"functionsResolution\":{\"declared\":true,\"installed\":true,\"version\":\"3.13.2\",\"resolution\":\"C:\\\\Users\\\\gina7\\\\Desktop\\\\FinalProject\\\\Final-Year-Project-Data-Visualization\\\\functions\\\\node_modules\\\\firebase-functions\\\\lib\\\\index.js\"}}"}}
[debug] [2021-04-30T13:52:30.322Z] [runtime-status] [28612] Resolved module firebase-functions {"declared":true,"installed":true,"version":"3.13.2","resolution":"C:\\Users\\gina7\\Desktop\\FinalProject\\Final-Year-Project-Data-Visualization\\functions\\node_modules\\firebase-functions\\lib\\index.js"} {"metadata":{"emulator":{"name":"functions"},"message":"[runtime-status] [28612] Resolved module firebase-functions {\"declared\":true,\"installed\":true,\"version\":\"3.13.2\",\"resolution\":\"C:\\\\Users\\\\gina7\\\\Desktop\\\\FinalProject\\\\Final-Year-Project-Data-Visualization\\\\functions\\\\node_modules\\\\firebase-functions\\\\lib\\\\index.js\"}"}}
[debug] [2021-04-30T13:52:30.326Z] [runtime-status] [28612] Resolved module firebase-admin {"declared":true,"installed":true,"version":"9.7.0","resolution":"C:\\Users\\gina7\\Desktop\\FinalProject\\Final-Year-Project-Data-Visualization\\functions\\node_modules\\firebase-admin\\lib\\index.js"} {"metadata":{"emulator":{"name":"functions"},"message":"[runtime-status] [28612] Resolved module firebase-admin {\"declared\":true,\"installed\":true,\"version\":\"9.7.0\",\"resolution\":\"C:\\\\Users\\\\gina7\\\\Desktop\\\\FinalProject\\\\Final-Year-Project-Data-Visualization\\\\functions\\\\node_modules\\\\firebase-admin\\\\lib\\\\index.js\"}"}}
[debug] [2021-04-30T13:52:30.326Z] [runtime-status] [28612] Resolved module firebase-functions {"declared":true,"installed":true,"version":"3.13.2","resolution":"C:\\Users\\gina7\\Desktop\\FinalProject\\Final-Year-Project-Data-Visualization\\functions\\node_modules\\firebase-functions\\lib\\index.js"} {"metadata":{"emulator":{"name":"functions"},"message":"[runtime-status] [28612] Resolved module firebase-functions {\"declared\":true,\"installed\":true,\"version\":\"3.13.2\",\"resolution\":\"C:\\\\Users\\\\gina7\\\\Desktop\\\\FinalProject\\\\Final-Year-Project-Data-Visualization\\\\functions\\\\node_modules\\\\firebase-functions\\\\lib\\\\index.js\"}"}}
[debug] [2021-04-30T13:52:30.327Z] [runtime-status] [28612] firebase-admin has been stubbed. {"adminResolution":{"declared":true,"installed":true,"version":"9.7.0","resolution":"C:\\Users\\gina7\\Desktop\\FinalProject\\Final-Year-Project-Data-Visualization\\functions\\node_modules\\firebase-admin\\lib\\index.js"}} {"metadata":{"emulator":{"name":"functions"},"message":"[runtime-status] [28612] firebase-admin has been stubbed. {\"adminResolution\":{\"declared\":true,\"installed\":true,\"version\":\"9.7.0\",\"resolution\":\"C:\\\\Users\\\\gina7\\\\Desktop\\\\FinalProject\\\\Final-Year-Project-Data-Visualization\\\\functions\\\\node_modules\\\\firebase-admin\\\\lib\\\\index.js\"}}"}}
[debug] [2021-04-30T13:52:30.329Z] >>> HTTP REQUEST PUT http://localhost:9000/.settings/rules.json?ns=projectauth-466ef-default-rtdb  
 {
  /* Visit https://firebase.google.com/docs/database/security to learn more about security rules. */
  "rules": {
    ".read": false,
    ".write": false
  }
}
[debug] [2021-04-30T13:52:30.331Z] [worker-~diagnostic~-0ce6c04c-fa8b-435f-b24a-a8084634b66d]: IDLE {"metadata":{"emulator":{"name":"functions"},"message":"[worker-~diagnostic~-0ce6c04c-fa8b-435f-b24a-a8084634b66d]: IDLE"}}
[debug] [2021-04-30T13:52:30.604Z] <<< HTTP RESPONSE 200 {"content-length":"15","content-type":"application/json; charset=utf-8","access-control-allow-origin":"*","cache-control":"no-cache","x-firebase-project-id":"projectauth-466ef-default-rtdb","x-firebase-project-number":"123456789","x-firebase-uuid":"fa20cac8-5986-416c-a354-087f3809c163"}
[info] 
┌─────────────────────────────────────────────────────────────┐
│ ✔  All emulators ready! It is now safe to connect your app. │
│ i  View Emulator UI at http://localhost:4000                │
└─────────────────────────────────────────────────────────────┘

┌────────────────┬────────────────┬─────────────────────────────────┐
│ Emulator       │ Host:Port      │ View in Emulator UI             │
├────────────────┼────────────────┼─────────────────────────────────┤
│ Authentication │ localhost:9099 │ http://localhost:4000/auth      │
├────────────────┼────────────────┼─────────────────────────────────┤
│ Functions      │ localhost:5001 │ http://localhost:4000/functions │
├────────────────┼────────────────┼─────────────────────────────────┤
│ Firestore      │ localhost:8082 │ http://localhost:4000/firestore │
├────────────────┼────────────────┼─────────────────────────────────┤
│ Database       │ localhost:9000 │ http://localhost:4000/database  │
├────────────────┼────────────────┼─────────────────────────────────┤
│ Hosting        │ localhost:5000 │ n/a                             │
└────────────────┴────────────────┴─────────────────────────────────┘
  Emulator Hub running at localhost:4400
  Other reserved ports: 4500

Issues? Report them at https://github.com/firebase/firebase-tools/issues and attach the *-debug.log files.
 
[debug] [2021-04-30T13:55:15.187Z] File C:\Users\gina7\Desktop\FinalProject\Final-Year-Project-Data-Visualization\functions\src\__tests__\first.test.js changed, reloading triggers {"metadata":{"emulator":{"name":"functions"},"message":"File C:\\Users\\gina7\\Desktop\\FinalProject\\Final-Year-Project-Data-Visualization\\functions\\src\\__tests__\\first.test.js changed, reloading triggers"}}
[debug] [2021-04-30T13:55:16.195Z] [worker-pool] Shutting down IDLE worker (~diagnostic~) {"metadata":{"emulator":{"name":"functions"},"message":"[worker-pool] Shutting down IDLE worker (~diagnostic~)"}}
[debug] [2021-04-30T13:55:16.195Z] [worker-~diagnostic~-0ce6c04c-fa8b-435f-b24a-a8084634b66d]: FINISHING {"metadata":{"emulator":{"name":"functions"},"message":"[worker-~diagnostic~-0ce6c04c-fa8b-435f-b24a-a8084634b66d]: FINISHING"}}
[debug] [2021-04-30T13:55:16.212Z] [worker-pool] addWorker(~diagnostic~) {"metadata":{"emulator":{"name":"functions"},"message":"[worker-pool] addWorker(~diagnostic~)"}}
[debug] [2021-04-30T13:55:16.212Z] [worker-pool] Adding worker with key ~diagnostic~, total=2 {"metadata":{"emulator":{"name":"functions"},"message":"[worker-pool] Adding worker with key ~diagnostic~, total=2"}}
[debug] [2021-04-30T13:55:16.212Z] [worker-pool] submitWork(triggerId=) {"metadata":{"emulator":{"name":"functions"},"message":"[worker-pool] submitWork(triggerId=)"}}
[debug] [2021-04-30T13:55:16.212Z] [worker-~diagnostic~-fd554753-53d2-4f48-bd29-1506863c7953]: Assigning socketPath: \\?\pipe\C:\Users\gina7\Desktop\FinalProject\Final-Year-Project-Data-Visualization\functions\29928 {"metadata":{"emulator":{"name":"functions"},"message":"[worker-~diagnostic~-fd554753-53d2-4f48-bd29-1506863c7953]: Assigning socketPath: \\\\?\\pipe\\C:\\Users\\gina7\\Desktop\\FinalProject\\Final-Year-Project-Data-Visualization\\functions\\29928"}}
[debug] [2021-04-30T13:55:16.212Z] [worker-~diagnostic~-fd554753-53d2-4f48-bd29-1506863c7953]: BUSY {"metadata":{"emulator":{"name":"functions"},"message":"[worker-~diagnostic~-fd554753-53d2-4f48-bd29-1506863c7953]: BUSY"}}
[debug] [2021-04-30T13:55:16.213Z] [worker-~diagnostic~-0ce6c04c-fa8b-435f-b24a-a8084634b66d]: exited {"metadata":{"emulator":{"name":"functions"},"message":"[worker-~diagnostic~-0ce6c04c-fa8b-435f-b24a-a8084634b66d]: exited"}}
[debug] [2021-04-30T13:55:16.213Z] [worker-~diagnostic~-0ce6c04c-fa8b-435f-b24a-a8084634b66d]: FINISHED {"metadata":{"emulator":{"name":"functions"},"message":"[worker-~diagnostic~-0ce6c04c-fa8b-435f-b24a-a8084634b66d]: FINISHED"}}
[debug] [2021-04-30T13:55:16.467Z] [runtime-status] [29928] Functions runtime initialized. {"cwd":"C:\\Users\\gina7\\Desktop\\FinalProject\\Final-Year-Project-Data-Visualization\\functions","node_version":"12.18.3"} {"metadata":{"emulator":{"name":"functions"},"message":"[runtime-status] [29928] Functions runtime initialized. {\"cwd\":\"C:\\\\Users\\\\gina7\\\\Desktop\\\\FinalProject\\\\Final-Year-Project-Data-Visualization\\\\functions\",\"node_version\":\"12.18.3\"}"}}
[debug] [2021-04-30T13:55:16.468Z] [runtime-status] [29928] Disabled runtime features: undefined {"metadata":{"emulator":{"name":"functions"},"message":"[runtime-status] [29928] Disabled runtime features: undefined"}}
[debug] [2021-04-30T13:55:16.471Z] [runtime-status] [29928] Resolved module firebase-admin {"declared":true,"installed":true,"version":"9.7.0","resolution":"C:\\Users\\gina7\\Desktop\\FinalProject\\Final-Year-Project-Data-Visualization\\functions\\node_modules\\firebase-admin\\lib\\index.js"} {"metadata":{"emulator":{"name":"functions"},"message":"[runtime-status] [29928] Resolved module firebase-admin {\"declared\":true,\"installed\":true,\"version\":\"9.7.0\",\"resolution\":\"C:\\\\Users\\\\gina7\\\\Desktop\\\\FinalProject\\\\Final-Year-Project-Data-Visualization\\\\functions\\\\node_modules\\\\firebase-admin\\\\lib\\\\index.js\"}"}}
[debug] [2021-04-30T13:55:16.473Z] [runtime-status] [29928] Resolved module firebase-functions {"declared":true,"installed":true,"version":"3.13.2","resolution":"C:\\Users\\gina7\\Desktop\\FinalProject\\Final-Year-Project-Data-Visualization\\functions\\node_modules\\firebase-functions\\lib\\index.js"} {"metadata":{"emulator":{"name":"functions"},"message":"[runtime-status] [29928] Resolved module firebase-functions {\"declared\":true,\"installed\":true,\"version\":\"3.13.2\",\"resolution\":\"C:\\\\Users\\\\gina7\\\\Desktop\\\\FinalProject\\\\Final-Year-Project-Data-Visualization\\\\functions\\\\node_modules\\\\firebase-functions\\\\lib\\\\index.js\"}"}}
[debug] [2021-04-30T13:55:16.474Z] [runtime-status] [29928] Resolved module firebase-functions {"declared":true,"installed":true,"version":"3.13.2","resolution":"C:\\Users\\gina7\\Desktop\\FinalProject\\Final-Year-Project-Data-Visualization\\functions\\node_modules\\firebase-functions\\lib\\index.js"} {"metadata":{"emulator":{"name":"functions"},"message":"[runtime-status] [29928] Resolved module firebase-functions {\"declared\":true,\"installed\":true,\"version\":\"3.13.2\",\"resolution\":\"C:\\\\Users\\\\gina7\\\\Desktop\\\\FinalProject\\\\Final-Year-Project-Data-Visualization\\\\functions\\\\node_modules\\\\firebase-functions\\\\lib\\\\index.js\"}"}}
[debug] [2021-04-30T13:55:16.476Z] [runtime-status] [29928] Outgoing network have been stubbed. [{"name":"http","status":"mocked"},{"name":"http","status":"mocked"},{"name":"https","status":"mocked"},{"name":"https","status":"mocked"},{"name":"net","status":"mocked"}] {"metadata":{"emulator":{"name":"functions"},"message":"[runtime-status] [29928] Outgoing network have been stubbed. [{\"name\":\"http\",\"status\":\"mocked\"},{\"name\":\"http\",\"status\":\"mocked\"},{\"name\":\"https\",\"status\":\"mocked\"},{\"name\":\"https\",\"status\":\"mocked\"},{\"name\":\"net\",\"status\":\"mocked\"}]"}}
[debug] [2021-04-30T13:55:16.477Z] [runtime-status] [29928] Resolved module firebase-functions {"declared":true,"installed":true,"version":"3.13.2","resolution":"C:\\Users\\gina7\\Desktop\\FinalProject\\Final-Year-Project-Data-Visualization\\functions\\node_modules\\firebase-functions\\lib\\index.js"} {"metadata":{"emulator":{"name":"functions"},"message":"[runtime-status] [29928] Resolved module firebase-functions {\"declared\":true,\"installed\":true,\"version\":\"3.13.2\",\"resolution\":\"C:\\\\Users\\\\gina7\\\\Desktop\\\\FinalProject\\\\Final-Year-Project-Data-Visualization\\\\functions\\\\node_modules\\\\firebase-functions\\\\lib\\\\index.js\"}"}}
[debug] [2021-04-30T13:55:16.534Z] [runtime-status] [29928] Checked functions.config() {"config":{}} {"metadata":{"emulator":{"name":"functions"},"message":"[runtime-status] [29928] Checked functions.config() {\"config\":{}}"}}
[debug] [2021-04-30T13:55:16.534Z] [runtime-status] [29928] firebase-functions has been stubbed. {"functionsResolution":{"declared":true,"installed":true,"version":"3.13.2","resolution":"C:\\Users\\gina7\\Desktop\\FinalProject\\Final-Year-Project-Data-Visualization\\functions\\node_modules\\firebase-functions\\lib\\index.js"}} {"metadata":{"emulator":{"name":"functions"},"message":"[runtime-status] [29928] firebase-functions has been stubbed. {\"functionsResolution\":{\"declared\":true,\"installed\":true,\"version\":\"3.13.2\",\"resolution\":\"C:\\\\Users\\\\gina7\\\\Desktop\\\\FinalProject\\\\Final-Year-Project-Data-Visualization\\\\functions\\\\node_modules\\\\firebase-functions\\\\lib\\\\index.js\"}}"}}
[debug] [2021-04-30T13:55:16.535Z] [runtime-status] [29928] Resolved module firebase-functions {"declared":true,"installed":true,"version":"3.13.2","resolution":"C:\\Users\\gina7\\Desktop\\FinalProject\\Final-Year-Project-Data-Visualization\\functions\\node_modules\\firebase-functions\\lib\\index.js"} {"metadata":{"emulator":{"name":"functions"},"message":"[runtime-status] [29928] Resolved module firebase-functions {\"declared\":true,\"installed\":true,\"version\":\"3.13.2\",\"resolution\":\"C:\\\\Users\\\\gina7\\\\Desktop\\\\FinalProject\\\\Final-Year-Project-Data-Visualization\\\\functions\\\\node_modules\\\\firebase-functions\\\\lib\\\\index.js\"}"}}
[debug] [2021-04-30T13:55:16.538Z] [runtime-status] [29928] Resolved module firebase-admin {"declared":true,"installed":true,"version":"9.7.0","resolution":"C:\\Users\\gina7\\Desktop\\FinalProject\\Final-Year-Project-Data-Visualization\\functions\\node_modules\\firebase-admin\\lib\\index.js"} {"metadata":{"emulator":{"name":"functions"},"message":"[runtime-status] [29928] Resolved module firebase-admin {\"declared\":true,\"installed\":true,\"version\":\"9.7.0\",\"resolution\":\"C:\\\\Users\\\\gina7\\\\Desktop\\\\FinalProject\\\\Final-Year-Project-Data-Visualization\\\\functions\\\\node_modules\\\\firebase-admin\\\\lib\\\\index.js\"}"}}
[debug] [2021-04-30T13:55:16.539Z] [runtime-status] [29928] Resolved module firebase-functions {"declared":true,"installed":true,"version":"3.13.2","resolution":"C:\\Users\\gina7\\Desktop\\FinalProject\\Final-Year-Project-Data-Visualization\\functions\\node_modules\\firebase-functions\\lib\\index.js"} {"metadata":{"emulator":{"name":"functions"},"message":"[runtime-status] [29928] Resolved module firebase-functions {\"declared\":true,\"installed\":true,\"version\":\"3.13.2\",\"resolution\":\"C:\\\\Users\\\\gina7\\\\Desktop\\\\FinalProject\\\\Final-Year-Project-Data-Visualization\\\\functions\\\\node_modules\\\\firebase-functions\\\\lib\\\\index.js\"}"}}
[debug] [2021-04-30T13:55:16.539Z] [runtime-status] [29928] firebase-admin has been stubbed. {"adminResolution":{"declared":true,"installed":true,"version":"9.7.0","resolution":"C:\\Users\\gina7\\Desktop\\FinalProject\\Final-Year-Project-Data-Visualization\\functions\\node_modules\\firebase-admin\\lib\\index.js"}} {"metadata":{"emulator":{"name":"functions"},"message":"[runtime-status] [29928] firebase-admin has been stubbed. {\"adminResolution\":{\"declared\":true,\"installed\":true,\"version\":\"9.7.0\",\"resolution\":\"C:\\\\Users\\\\gina7\\\\Desktop\\\\FinalProject\\\\Final-Year-Project-Data-Visualization\\\\functions\\\\node_modules\\\\firebase-admin\\\\lib\\\\index.js\"}}"}}
[debug] [2021-04-30T13:55:16.541Z] [worker-~diagnostic~-fd554753-53d2-4f48-bd29-1506863c7953]: IDLE {"metadata":{"emulator":{"name":"functions"},"message":"[worker-~diagnostic~-fd554753-53d2-4f48-bd29-1506863c7953]: IDLE"}}
[debug] [2021-04-30T13:55:16.615Z] File C:\Users\gina7\Desktop\FinalProject\Final-Year-Project-Data-Visualization\functions\src\__tests__\first.test.js changed, reloading triggers {"metadata":{"emulator":{"name":"functions"},"message":"File C:\\Users\\gina7\\Desktop\\FinalProject\\Final-Year-Project-Data-Visualization\\functions\\src\\__tests__\\first.test.js changed, reloading triggers"}}
[debug] [2021-04-30T13:55:17.620Z] [worker-pool] Shutting down IDLE worker (~diagnostic~) {"metadata":{"emulator":{"name":"functions"},"message":"[worker-pool] Shutting down IDLE worker (~diagnostic~)"}}
[debug] [2021-04-30T13:55:17.621Z] [worker-~diagnostic~-fd554753-53d2-4f48-bd29-1506863c7953]: FINISHING {"metadata":{"emulator":{"name":"functions"},"message":"[worker-~diagnostic~-fd554753-53d2-4f48-bd29-1506863c7953]: FINISHING"}}
[debug] [2021-04-30T13:55:17.621Z] [worker-pool] Cleaned up workers for ~diagnostic~: 2 --> 1 {"metadata":{"emulator":{"name":"functions"},"message":"[worker-pool] Cleaned up workers for ~diagnostic~: 2 --> 1"}}
[debug] [2021-04-30T13:55:17.632Z] [worker-pool] addWorker(~diagnostic~) {"metadata":{"emulator":{"name":"functions"},"message":"[worker-pool] addWorker(~diagnostic~)"}}
[debug] [2021-04-30T13:55:17.632Z] [worker-pool] Adding worker with key ~diagnostic~, total=2 {"metadata":{"emulator":{"name":"functions"},"message":"[worker-pool] Adding worker with key ~diagnostic~, total=2"}}
[debug] [2021-04-30T13:55:17.632Z] [worker-pool] submitWork(triggerId=) {"metadata":{"emulator":{"name":"functions"},"message":"[worker-pool] submitWork(triggerId=)"}}
[debug] [2021-04-30T13:55:17.632Z] [worker-~diagnostic~-cbeba20c-e369-448f-b885-0dc3d54552f9]: Assigning socketPath: \\?\pipe\C:\Users\gina7\Desktop\FinalProject\Final-Year-Project-Data-Visualization\functions\30380 {"metadata":{"emulator":{"name":"functions"},"message":"[worker-~diagnostic~-cbeba20c-e369-448f-b885-0dc3d54552f9]: Assigning socketPath: \\\\?\\pipe\\C:\\Users\\gina7\\Desktop\\FinalProject\\Final-Year-Project-Data-Visualization\\functions\\30380"}}
[debug] [2021-04-30T13:55:17.632Z] [worker-~diagnostic~-cbeba20c-e369-448f-b885-0dc3d54552f9]: BUSY {"metadata":{"emulator":{"name":"functions"},"message":"[worker-~diagnostic~-cbeba20c-e369-448f-b885-0dc3d54552f9]: BUSY"}}
[debug] [2021-04-30T13:55:17.632Z] File C:\Users\gina7\Desktop\FinalProject\Final-Year-Project-Data-Visualization\functions\src\__tests__\first.test.js changed, reloading triggers {"metadata":{"emulator":{"name":"functions"},"message":"File C:\\Users\\gina7\\Desktop\\FinalProject\\Final-Year-Project-Data-Visualization\\functions\\src\\__tests__\\first.test.js changed, reloading triggers"}}
[debug] [2021-04-30T13:55:17.633Z] [worker-~diagnostic~-fd554753-53d2-4f48-bd29-1506863c7953]: exited {"metadata":{"emulator":{"name":"functions"},"message":"[worker-~diagnostic~-fd554753-53d2-4f48-bd29-1506863c7953]: exited"}}
[debug] [2021-04-30T13:55:17.633Z] [worker-~diagnostic~-fd554753-53d2-4f48-bd29-1506863c7953]: FINISHED {"metadata":{"emulator":{"name":"functions"},"message":"[worker-~diagnostic~-fd554753-53d2-4f48-bd29-1506863c7953]: FINISHED"}}
[debug] [2021-04-30T13:55:17.880Z] [runtime-status] [30380] Functions runtime initialized. {"cwd":"C:\\Users\\gina7\\Desktop\\FinalProject\\Final-Year-Project-Data-Visualization\\functions","node_version":"12.18.3"} {"metadata":{"emulator":{"name":"functions"},"message":"[runtime-status] [30380] Functions runtime initialized. {\"cwd\":\"C:\\\\Users\\\\gina7\\\\Desktop\\\\FinalProject\\\\Final-Year-Project-Data-Visualization\\\\functions\",\"node_version\":\"12.18.3\"}"}}
[debug] [2021-04-30T13:55:17.881Z] [runtime-status] [30380] Disabled runtime features: undefined {"metadata":{"emulator":{"name":"functions"},"message":"[runtime-status] [30380] Disabled runtime features: undefined"}}
[debug] [2021-04-30T13:55:17.885Z] [runtime-status] [30380] Resolved module firebase-admin {"declared":true,"installed":true,"version":"9.7.0","resolution":"C:\\Users\\gina7\\Desktop\\FinalProject\\Final-Year-Project-Data-Visualization\\functions\\node_modules\\firebase-admin\\lib\\index.js"} {"metadata":{"emulator":{"name":"functions"},"message":"[runtime-status] [30380] Resolved module firebase-admin {\"declared\":true,\"installed\":true,\"version\":\"9.7.0\",\"resolution\":\"C:\\\\Users\\\\gina7\\\\Desktop\\\\FinalProject\\\\Final-Year-Project-Data-Visualization\\\\functions\\\\node_modules\\\\firebase-admin\\\\lib\\\\index.js\"}"}}
[debug] [2021-04-30T13:55:17.887Z] [runtime-status] [30380] Resolved module firebase-functions {"declared":true,"installed":true,"version":"3.13.2","resolution":"C:\\Users\\gina7\\Desktop\\FinalProject\\Final-Year-Project-Data-Visualization\\functions\\node_modules\\firebase-functions\\lib\\index.js"} {"metadata":{"emulator":{"name":"functions"},"message":"[runtime-status] [30380] Resolved module firebase-functions {\"declared\":true,\"installed\":true,\"version\":\"3.13.2\",\"resolution\":\"C:\\\\Users\\\\gina7\\\\Desktop\\\\FinalProject\\\\Final-Year-Project-Data-Visualization\\\\functions\\\\node_modules\\\\firebase-functions\\\\lib\\\\index.js\"}"}}
[debug] [2021-04-30T13:55:17.888Z] [runtime-status] [30380] Resolved module firebase-functions {"declared":true,"installed":true,"version":"3.13.2","resolution":"C:\\Users\\gina7\\Desktop\\FinalProject\\Final-Year-Project-Data-Visualization\\functions\\node_modules\\firebase-functions\\lib\\index.js"} {"metadata":{"emulator":{"name":"functions"},"message":"[runtime-status] [30380] Resolved module firebase-functions {\"declared\":true,\"installed\":true,\"version\":\"3.13.2\",\"resolution\":\"C:\\\\Users\\\\gina7\\\\Desktop\\\\FinalProject\\\\Final-Year-Project-Data-Visualization\\\\functions\\\\node_modules\\\\firebase-functions\\\\lib\\\\index.js\"}"}}
[debug] [2021-04-30T13:55:17.889Z] [runtime-status] [30380] Outgoing network have been stubbed. [{"name":"http","status":"mocked"},{"name":"http","status":"mocked"},{"name":"https","status":"mocked"},{"name":"https","status":"mocked"},{"name":"net","status":"mocked"}] {"metadata":{"emulator":{"name":"functions"},"message":"[runtime-status] [30380] Outgoing network have been stubbed. [{\"name\":\"http\",\"status\":\"mocked\"},{\"name\":\"http\",\"status\":\"mocked\"},{\"name\":\"https\",\"status\":\"mocked\"},{\"name\":\"https\",\"status\":\"mocked\"},{\"name\":\"net\",\"status\":\"mocked\"}]"}}
[debug] [2021-04-30T13:55:17.890Z] [runtime-status] [30380] Resolved module firebase-functions {"declared":true,"installed":true,"version":"3.13.2","resolution":"C:\\Users\\gina7\\Desktop\\FinalProject\\Final-Year-Project-Data-Visualization\\functions\\node_modules\\firebase-functions\\lib\\index.js"} {"metadata":{"emulator":{"name":"functions"},"message":"[runtime-status] [30380] Resolved module firebase-functions {\"declared\":true,\"installed\":true,\"version\":\"3.13.2\",\"resolution\":\"C:\\\\Users\\\\gina7\\\\Desktop\\\\FinalProject\\\\Final-Year-Project-Data-Visualization\\\\functions\\\\node_modules\\\\firebase-functions\\\\lib\\\\index.js\"}"}}
[debug] [2021-04-30T13:55:17.945Z] [runtime-status] [30380] Checked functions.config() {"config":{}} {"metadata":{"emulator":{"name":"functions"},"message":"[runtime-status] [30380] Checked functions.config() {\"config\":{}}"}}
[debug] [2021-04-30T13:55:17.945Z] [runtime-status] [30380] firebase-functions has been stubbed. {"functionsResolution":{"declared":true,"installed":true,"version":"3.13.2","resolution":"C:\\Users\\gina7\\Desktop\\FinalProject\\Final-Year-Project-Data-Visualization\\functions\\node_modules\\firebase-functions\\lib\\index.js"}} {"metadata":{"emulator":{"name":"functions"},"message":"[runtime-status] [30380] firebase-functions has been stubbed. {\"functionsResolution\":{\"declared\":true,\"installed\":true,\"version\":\"3.13.2\",\"resolution\":\"C:\\\\Users\\\\gina7\\\\Desktop\\\\FinalProject\\\\Final-Year-Project-Data-Visualization\\\\functions\\\\node_modules\\\\firebase-functions\\\\lib\\\\index.js\"}}"}}
[debug] [2021-04-30T13:55:17.946Z] [runtime-status] [30380] Resolved module firebase-functions {"declared":true,"installed":true,"version":"3.13.2","resolution":"C:\\Users\\gina7\\Desktop\\FinalProject\\Final-Year-Project-Data-Visualization\\functions\\node_modules\\firebase-functions\\lib\\index.js"} {"metadata":{"emulator":{"name":"functions"},"message":"[runtime-status] [30380] Resolved module firebase-functions {\"declared\":true,\"installed\":true,\"version\":\"3.13.2\",\"resolution\":\"C:\\\\Users\\\\gina7\\\\Desktop\\\\FinalProject\\\\Final-Year-Project-Data-Visualization\\\\functions\\\\node_modules\\\\firebase-functions\\\\lib\\\\index.js\"}"}}
[debug] [2021-04-30T13:55:17.948Z] [runtime-status] [30380] Resolved module firebase-admin {"declared":true,"installed":true,"version":"9.7.0","resolution":"C:\\Users\\gina7\\Desktop\\FinalProject\\Final-Year-Project-Data-Visualization\\functions\\node_modules\\firebase-admin\\lib\\index.js"} {"metadata":{"emulator":{"name":"functions"},"message":"[runtime-status] [30380] Resolved module firebase-admin {\"declared\":true,\"installed\":true,\"version\":\"9.7.0\",\"resolution\":\"C:\\\\Users\\\\gina7\\\\Desktop\\\\FinalProject\\\\Final-Year-Project-Data-Visualization\\\\functions\\\\node_modules\\\\firebase-admin\\\\lib\\\\index.js\"}"}}
[debug] [2021-04-30T13:55:17.949Z] [runtime-status] [30380] Resolved module firebase-functions {"declared":true,"installed":true,"version":"3.13.2","resolution":"C:\\Users\\gina7\\Desktop\\FinalProject\\Final-Year-Project-Data-Visualization\\functions\\node_modules\\firebase-functions\\lib\\index.js"} {"metadata":{"emulator":{"name":"functions"},"message":"[runtime-status] [30380] Resolved module firebase-functions {\"declared\":true,\"installed\":true,\"version\":\"3.13.2\",\"resolution\":\"C:\\\\Users\\\\gina7\\\\Desktop\\\\FinalProject\\\\Final-Year-Project-Data-Visualization\\\\functions\\\\node_modules\\\\firebase-functions\\\\lib\\\\index.js\"}"}}
[debug] [2021-04-30T13:55:17.949Z] [runtime-status] [30380] firebase-admin has been stubbed. {"adminResolution":{"declared":true,"installed":true,"version":"9.7.0","resolution":"C:\\Users\\gina7\\Desktop\\FinalProject\\Final-Year-Project-Data-Visualization\\functions\\node_modules\\firebase-admin\\lib\\index.js"}} {"metadata":{"emulator":{"name":"functions"},"message":"[runtime-status] [30380] firebase-admin has been stubbed. {\"adminResolution\":{\"declared\":true,\"installed\":true,\"version\":\"9.7.0\",\"resolution\":\"C:\\\\Users\\\\gina7\\\\Desktop\\\\FinalProject\\\\Final-Year-Project-Data-Visualization\\\\functions\\\\node_modules\\\\firebase-admin\\\\lib\\\\index.js\"}}"}}
[debug] [2021-04-30T13:55:17.951Z] [worker-~diagnostic~-cbeba20c-e369-448f-b885-0dc3d54552f9]: IDLE {"metadata":{"emulator":{"name":"functions"},"message":"[worker-~diagnostic~-cbeba20c-e369-448f-b885-0dc3d54552f9]: IDLE"}}
[debug] [2021-04-30T13:55:18.636Z] [worker-pool] Shutting down IDLE worker (~diagnostic~) {"metadata":{"emulator":{"name":"functions"},"message":"[worker-pool] Shutting down IDLE worker (~diagnostic~)"}}
[debug] [2021-04-30T13:55:18.637Z] [worker-~diagnostic~-cbeba20c-e369-448f-b885-0dc3d54552f9]: FINISHING {"metadata":{"emulator":{"name":"functions"},"message":"[worker-~diagnostic~-cbeba20c-e369-448f-b885-0dc3d54552f9]: FINISHING"}}
[debug] [2021-04-30T13:55:18.637Z] [worker-pool] Cleaned up workers for ~diagnostic~: 2 --> 1 {"metadata":{"emulator":{"name":"functions"},"message":"[worker-pool] Cleaned up workers for ~diagnostic~: 2 --> 1"}}
[debug] [2021-04-30T13:55:18.647Z] [worker-pool] addWorker(~diagnostic~) {"metadata":{"emulator":{"name":"functions"},"message":"[worker-pool] addWorker(~diagnostic~)"}}
[debug] [2021-04-30T13:55:18.647Z] [worker-pool] Adding worker with key ~diagnostic~, total=2 {"metadata":{"emulator":{"name":"functions"},"message":"[worker-pool] Adding worker with key ~diagnostic~, total=2"}}
[debug] [2021-04-30T13:55:18.647Z] [worker-pool] submitWork(triggerId=) {"metadata":{"emulator":{"name":"functions"},"message":"[worker-pool] submitWork(triggerId=)"}}
[debug] [2021-04-30T13:55:18.648Z] [worker-~diagnostic~-8929dfe8-b078-49b6-a097-514e7fe28b43]: Assigning socketPath: \\?\pipe\C:\Users\gina7\Desktop\FinalProject\Final-Year-Project-Data-Visualization\functions\23424 {"metadata":{"emulator":{"name":"functions"},"message":"[worker-~diagnostic~-8929dfe8-b078-49b6-a097-514e7fe28b43]: Assigning socketPath: \\\\?\\pipe\\C:\\Users\\gina7\\Desktop\\FinalProject\\Final-Year-Project-Data-Visualization\\functions\\23424"}}
[debug] [2021-04-30T13:55:18.648Z] [worker-~diagnostic~-8929dfe8-b078-49b6-a097-514e7fe28b43]: BUSY {"metadata":{"emulator":{"name":"functions"},"message":"[worker-~diagnostic~-8929dfe8-b078-49b6-a097-514e7fe28b43]: BUSY"}}
[debug] [2021-04-30T13:55:18.648Z] [worker-~diagnostic~-cbeba20c-e369-448f-b885-0dc3d54552f9]: exited {"metadata":{"emulator":{"name":"functions"},"message":"[worker-~diagnostic~-cbeba20c-e369-448f-b885-0dc3d54552f9]: exited"}}
[debug] [2021-04-30T13:55:18.648Z] [worker-~diagnostic~-cbeba20c-e369-448f-b885-0dc3d54552f9]: FINISHED {"metadata":{"emulator":{"name":"functions"},"message":"[worker-~diagnostic~-cbeba20c-e369-448f-b885-0dc3d54552f9]: FINISHED"}}
[debug] [2021-04-30T13:55:18.893Z] [runtime-status] [23424] Functions runtime initialized. {"cwd":"C:\\Users\\gina7\\Desktop\\FinalProject\\Final-Year-Project-Data-Visualization\\functions","node_version":"12.18.3"} {"metadata":{"emulator":{"name":"functions"},"message":"[runtime-status] [23424] Functions runtime initialized. {\"cwd\":\"C:\\\\Users\\\\gina7\\\\Desktop\\\\FinalProject\\\\Final-Year-Project-Data-Visualization\\\\functions\",\"node_version\":\"12.18.3\"}"}}
[debug] [2021-04-30T13:55:18.894Z] [runtime-status] [23424] Disabled runtime features: undefined {"metadata":{"emulator":{"name":"functions"},"message":"[runtime-status] [23424] Disabled runtime features: undefined"}}
[debug] [2021-04-30T13:55:18.897Z] [runtime-status] [23424] Resolved module firebase-admin {"declared":true,"installed":true,"version":"9.7.0","resolution":"C:\\Users\\gina7\\Desktop\\FinalProject\\Final-Year-Project-Data-Visualization\\functions\\node_modules\\firebase-admin\\lib\\index.js"} {"metadata":{"emulator":{"name":"functions"},"message":"[runtime-status] [23424] Resolved module firebase-admin {\"declared\":true,\"installed\":true,\"version\":\"9.7.0\",\"resolution\":\"C:\\\\Users\\\\gina7\\\\Desktop\\\\FinalProject\\\\Final-Year-Project-Data-Visualization\\\\functions\\\\node_modules\\\\firebase-admin\\\\lib\\\\index.js\"}"}}
[debug] [2021-04-30T13:55:18.899Z] [runtime-status] [23424] Resolved module firebase-functions {"declared":true,"installed":true,"version":"3.13.2","resolution":"C:\\Users\\gina7\\Desktop\\FinalProject\\Final-Year-Project-Data-Visualization\\functions\\node_modules\\firebase-functions\\lib\\index.js"} {"metadata":{"emulator":{"name":"functions"},"message":"[runtime-status] [23424] Resolved module firebase-functions {\"declared\":true,\"installed\":true,\"version\":\"3.13.2\",\"resolution\":\"C:\\\\Users\\\\gina7\\\\Desktop\\\\FinalProject\\\\Final-Year-Project-Data-Visualization\\\\functions\\\\node_modules\\\\firebase-functions\\\\lib\\\\index.js\"}"}}
[debug] [2021-04-30T13:55:18.900Z] [runtime-status] [23424] Resolved module firebase-functions {"declared":true,"installed":true,"version":"3.13.2","resolution":"C:\\Users\\gina7\\Desktop\\FinalProject\\Final-Year-Project-Data-Visualization\\functions\\node_modules\\firebase-functions\\lib\\index.js"} {"metadata":{"emulator":{"name":"functions"},"message":"[runtime-status] [23424] Resolved module firebase-functions {\"declared\":true,\"installed\":true,\"version\":\"3.13.2\",\"resolution\":\"C:\\\\Users\\\\gina7\\\\Desktop\\\\FinalProject\\\\Final-Year-Project-Data-Visualization\\\\functions\\\\node_modules\\\\firebase-functions\\\\lib\\\\index.js\"}"}}
[debug] [2021-04-30T13:55:18.901Z] [runtime-status] [23424] Outgoing network have been stubbed. [{"name":"http","status":"mocked"},{"name":"http","status":"mocked"},{"name":"https","status":"mocked"},{"name":"https","status":"mocked"},{"name":"net","status":"mocked"}] {"metadata":{"emulator":{"name":"functions"},"message":"[runtime-status] [23424] Outgoing network have been stubbed. [{\"name\":\"http\",\"status\":\"mocked\"},{\"name\":\"http\",\"status\":\"mocked\"},{\"name\":\"https\",\"status\":\"mocked\"},{\"name\":\"https\",\"status\":\"mocked\"},{\"name\":\"net\",\"status\":\"mocked\"}]"}}
[debug] [2021-04-30T13:55:18.902Z] [runtime-status] [23424] Resolved module firebase-functions {"declared":true,"installed":true,"version":"3.13.2","resolution":"C:\\Users\\gina7\\Desktop\\FinalProject\\Final-Year-Project-Data-Visualization\\functions\\node_modules\\firebase-functions\\lib\\index.js"} {"metadata":{"emulator":{"name":"functions"},"message":"[runtime-status] [23424] Resolved module firebase-functions {\"declared\":true,\"installed\":true,\"version\":\"3.13.2\",\"resolution\":\"C:\\\\Users\\\\gina7\\\\Desktop\\\\FinalProject\\\\Final-Year-Project-Data-Visualization\\\\functions\\\\node_modules\\\\firebase-functions\\\\lib\\\\index.js\"}"}}
[debug] [2021-04-30T13:55:18.951Z] [runtime-status] [23424] Checked functions.config() {"config":{}} {"metadata":{"emulator":{"name":"functions"},"message":"[runtime-status] [23424] Checked functions.config() {\"config\":{}}"}}
[debug] [2021-04-30T13:55:18.952Z] [runtime-status] [23424] firebase-functions has been stubbed. {"functionsResolution":{"declared":true,"installed":true,"version":"3.13.2","resolution":"C:\\Users\\gina7\\Desktop\\FinalProject\\Final-Year-Project-Data-Visualization\\functions\\node_modules\\firebase-functions\\lib\\index.js"}} {"metadata":{"emulator":{"name":"functions"},"message":"[runtime-status] [23424] firebase-functions has been stubbed. {\"functionsResolution\":{\"declared\":true,\"installed\":true,\"version\":\"3.13.2\",\"resolution\":\"C:\\\\Users\\\\gina7\\\\Desktop\\\\FinalProject\\\\Final-Year-Project-Data-Visualization\\\\functions\\\\node_modules\\\\firebase-functions\\\\lib\\\\index.js\"}}"}}
[debug] [2021-04-30T13:55:18.952Z] [runtime-status] [23424] Resolved module firebase-functions {"declared":true,"installed":true,"version":"3.13.2","resolution":"C:\\Users\\gina7\\Desktop\\FinalProject\\Final-Year-Project-Data-Visualization\\functions\\node_modules\\firebase-functions\\lib\\index.js"} {"metadata":{"emulator":{"name":"functions"},"message":"[runtime-status] [23424] Resolved module firebase-functions {\"declared\":true,\"installed\":true,\"version\":\"3.13.2\",\"resolution\":\"C:\\\\Users\\\\gina7\\\\Desktop\\\\FinalProject\\\\Final-Year-Project-Data-Visualization\\\\functions\\\\node_modules\\\\firebase-functions\\\\lib\\\\index.js\"}"}}
[debug] [2021-04-30T13:55:18.955Z] [runtime-status] [23424] Resolved module firebase-admin {"declared":true,"installed":true,"version":"9.7.0","resolution":"C:\\Users\\gina7\\Desktop\\FinalProject\\Final-Year-Project-Data-Visualization\\functions\\node_modules\\firebase-admin\\lib\\index.js"} {"metadata":{"emulator":{"name":"functions"},"message":"[runtime-status] [23424] Resolved module firebase-admin {\"declared\":true,\"installed\":true,\"version\":\"9.7.0\",\"resolution\":\"C:\\\\Users\\\\gina7\\\\Desktop\\\\FinalProject\\\\Final-Year-Project-Data-Visualization\\\\functions\\\\node_modules\\\\firebase-admin\\\\lib\\\\index.js\"}"}}
[debug] [2021-04-30T13:55:18.956Z] [runtime-status] [23424] Resolved module firebase-functions {"declared":true,"installed":true,"version":"3.13.2","resolution":"C:\\Users\\gina7\\Desktop\\FinalProject\\Final-Year-Project-Data-Visualization\\functions\\node_modules\\firebase-functions\\lib\\index.js"} {"metadata":{"emulator":{"name":"functions"},"message":"[runtime-status] [23424] Resolved module firebase-functions {\"declared\":true,\"installed\":true,\"version\":\"3.13.2\",\"resolution\":\"C:\\\\Users\\\\gina7\\\\Desktop\\\\FinalProject\\\\Final-Year-Project-Data-Visualization\\\\functions\\\\node_modules\\\\firebase-functions\\\\lib\\\\index.js\"}"}}
[debug] [2021-04-30T13:55:18.956Z] [runtime-status] [23424] firebase-admin has been stubbed. {"adminResolution":{"declared":true,"installed":true,"version":"9.7.0","resolution":"C:\\Users\\gina7\\Desktop\\FinalProject\\Final-Year-Project-Data-Visualization\\functions\\node_modules\\firebase-admin\\lib\\index.js"}} {"metadata":{"emulator":{"name":"functions"},"message":"[runtime-status] [23424] firebase-admin has been stubbed. {\"adminResolution\":{\"declared\":true,\"installed\":true,\"version\":\"9.7.0\",\"resolution\":\"C:\\\\Users\\\\gina7\\\\Desktop\\\\FinalProject\\\\Final-Year-Project-Data-Visualization\\\\functions\\\\node_modules\\\\firebase-admin\\\\lib\\\\index.js\"}}"}}
[debug] [2021-04-30T13:55:18.958Z] [worker-~diagnostic~-8929dfe8-b078-49b6-a097-514e7fe28b43]: IDLE {"metadata":{"emulator":{"name":"functions"},"message":"[worker-~diagnostic~-8929dfe8-b078-49b6-a097-514e7fe28b43]: IDLE"}}
